{"C:\\Users\\milan\\OneDrive\\Área de Trabalho\\api-do-prof\\helper-api-main\\src\\services\\MathService.ts": {"path":"C:\\Users\\milan\\OneDrive\\Área de Trabalho\\api-do-prof\\helper-api-main\\src\\services\\MathService.ts","statementMap":{"0":{"start":{"line":4,"column":2},"end":{"line":6,"column":4}},"1":{"start":{"line":5,"column":4},"end":{"line":5,"column":17}},"2":{"start":{"line":1,"column":0},"end":{"line":1,"column":13}}},"fnMap":{"0":{"name":"(anonymous_0)","decl":{"start":{"line":2,"column":2},"end":{"line":2,"column":17}},"loc":{"start":{"line":2,"column":2},"end":{"line":2,"column":18}}},"1":{"name":"(anonymous_1)","decl":{"start":{"line":4,"column":11},"end":{"line":4,"column":12}},"loc":{"start":{"line":4,"column":36},"end":{"line":6,"column":3}}}},"branchMap":{},"s":{"0":2,"1":2,"2":1},"f":{"0":2,"1":2},"b":{}}
}
